Flutter crash report; please file at https://github.com/flutter/flutter/issues.

## command

flutter run

## exception

String: Exit code 204 from: /usr/bin/xcrun simctl install 1BD47A72-34C2-4782-AFE0-D4DD3E6F64A2 /Users/fmi-lt-11/Desktop/ZONE/Flutter/loginapp/build/ios/iphonesimulator/Runner.app:
An error was encountered processing the command (domain=NSMachErrorDomain, code=-308):
The operation couldn’t be completed. (Mach error -308 - (ipc/mig) server died)

```
#0      runCheckedAsync (package:flutter_tools/src/base/process.dart:249)
<asynchronous suspension>
#1      SimControl.install (package:flutter_tools/src/ios/simulators.dart:126)
#2      IOSSimulator._buildAndInstallApplicationBundle (package:flutter_tools/src/ios/simulators.dart:413)
<asynchronous suspension>
#3      IOSSimulator._setupUpdatedApplicationBundle (package:flutter_tools/src/ios/simulators.dart:388)
<asynchronous suspension>
#4      IOSSimulator.startApp (package:flutter_tools/src/ios/simulators.dart:309)
<asynchronous suspension>
#5      FlutterDevice.runHot (package:flutter_tools/src/resident_runner.dart:284)
<asynchronous suspension>
#6      HotRunner.run (package:flutter_tools/src/run_hot.dart:216)
<asynchronous suspension>
#7      RunCommand.runCommand (package:flutter_tools/src/commands/run.dart:368)
<asynchronous suspension>
#8      FlutterCommand.verifyThenRunCommand (package:flutter_tools/src/runner/flutter_command.dart:290)
<asynchronous suspension>
#9      FlutterCommand.run (package:flutter_tools/src/runner/flutter_command.dart:228)
<asynchronous suspension>
#10     CommandRunner.runCommand (package:args/command_runner.dart:194)
<asynchronous suspension>
#11     FlutterCommandRunner.runCommand (package:flutter_tools/src/runner/flutter_command_runner.dart:286)
<asynchronous suspension>
#12     CommandRunner.run.<anonymous closure> (package:args/command_runner.dart:109)
#13     new Future.sync (dart:async/future.dart:222)
#14     CommandRunner.run (package:args/command_runner.dart:109)
#15     FlutterCommandRunner.run (package:flutter_tools/src/runner/flutter_command_runner.dart:166)
#16     run.<anonymous closure> (package:flutter_tools/runner.dart:90)
<asynchronous suspension>
#17     AppContext._run (package:flutter_tools/src/base/context.dart:76)
<asynchronous suspension>
#18     AppContext.runInZone.<anonymous closure> (package:flutter_tools/src/base/context.dart:66)
#19     _rootRun (dart:async/zone.dart:1126)
#20     _CustomZone.run (dart:async/zone.dart:1023)
#21     runZoned (dart:async/zone.dart:1501)
#22     AppContext.runInZone (package:flutter_tools/src/base/context.dart:65)
#23     run (package:flutter_tools/runner.dart:61)
<asynchronous suspension>
#24     main (package:flutter_tools/executable.dart:48)
<asynchronous suspension>
#25     main (file:///Users/fmi-lt-11/Library/Android/flutter/packages/flutter_tools/bin/flutter_tools.dart:16)
#26     _startIsolate.<anonymous closure> (dart:isolate-patch/dart:isolate/isolate_patch.dart:277)
#27     _RawReceivePortImpl._handleMessage (dart:isolate-patch/dart:isolate/isolate_patch.dart:165)
```

## flutter doctor

```
[✓] Flutter (Channel beta, v0.2.3, on Mac OS X 10.13.4 17E199, locale en-NP)
    • Flutter version 0.2.3 at /Users/fmi-lt-11/Library/Android/flutter
    • Framework revision 5a58b36e36 (7 weeks ago), 2018-03-13 13:20:13 -0700
    • Engine revision e61bb9ac3a
    • Dart version 2.0.0-dev.35.flutter-290c576264

[✓] Android toolchain - develop for Android devices (Android SDK 27.0.3)
    • Android SDK at /Users/fmi-lt-11/Library/Android/sdk
    • Android NDK location not configured (optional; useful for native profiling support)
    • Platform android-27, build-tools 27.0.3
    • Java binary at: /Applications/Android Studio.app/Contents/jre/jdk/Contents/Home/bin/java
    • Java version OpenJDK Runtime Environment (build 1.8.0_152-release-1024-b01)
    • All Android licenses accepted.

[!] iOS toolchain - develop for iOS devices (Xcode 9.3)
    • Xcode at /Applications/Xcode.app/Contents/Developer
    • Xcode 9.3, Build version 9E145
    • ios-deploy 1.9.2
    ✗ CocoaPods installed but not initialized.
        CocoaPods is used to retrieve the iOS platform side's plugin code that responds to your plugin usage on the Dart side.
        Without resolving iOS dependencies with CocoaPods, plugins will not work on iOS.
        For more info, see https://flutter.io/platform-plugins
      To initialize CocoaPods, run:
        pod setup
      once to finalize CocoaPods' installation.

[✓] Android Studio (version 3.1)
    • Android Studio at /Applications/Android Studio.app/Contents
    • Java version OpenJDK Runtime Environment (build 1.8.0_152-release-1024-b01)

[!] IntelliJ IDEA Ultimate Edition (version 2018.1.2)
    • IntelliJ at /Applications/IntelliJ IDEA.app
    ✗ Flutter plugin not installed; this adds Flutter specific functionality.
    ✗ Dart plugin not installed; this adds Dart specific functionality.
    • For information about installing plugins, see
      https://flutter.io/intellij-setup/#installing-the-plugins

[✓] VS Code (version 1.22.2)
    • VS Code at /Applications/Visual Studio Code.app/Contents
    • Dart Code extension version 2.12.0

[✓] Connected devices (1 available)
    • iPhone X • 1BD47A72-34C2-4782-AFE0-D4DD3E6F64A2 • ios • iOS 11.3 (simulator)

! Doctor found issues in 2 categories.
```
